0 info it worked if it ends with ok
1 verbose cli [ '/usr/bin/node', '/usr/bin/npm', 'run', 'build' ]
2 info using npm@3.10.10
3 info using node@v6.17.1
4 verbose run-script [ 'prebuild', 'build', 'postbuild' ]
5 info lifecycle travel-payouts-app@1.0.0~prebuild: travel-payouts-app@1.0.0
6 silly lifecycle travel-payouts-app@1.0.0~prebuild: no script for prebuild, continuing
7 info lifecycle travel-payouts-app@1.0.0~build: travel-payouts-app@1.0.0
8 verbose lifecycle travel-payouts-app@1.0.0~build: unsafe-perm in lifecycle true
9 verbose lifecycle travel-payouts-app@1.0.0~build: PATH: /usr/lib/node_modules/npm/bin/node-gyp-bin:/home/mootje2/public_html/node_modules/.bin:/usr/local/bin:/usr/bin:/usr/local/sbin:/usr/sbin:/home/mootje2/.local/bin:/home/mootje2/bin
10 verbose lifecycle travel-payouts-app@1.0.0~build: CWD: /home/mootje2/public_html
11 silly lifecycle travel-payouts-app@1.0.0~build: Args: [ '-c', 'webpack --env.mode production' ]
12 silly lifecycle travel-payouts-app@1.0.0~build: Returned: code: 1  signal: null
13 info lifecycle travel-payouts-app@1.0.0~build: Failed to exec build script
14 verbose stack Error: travel-payouts-app@1.0.0 build: `webpack --env.mode production`
14 verbose stack Exit status 1
14 verbose stack     at EventEmitter.<anonymous> (/usr/lib/node_modules/npm/lib/utils/lifecycle.js:255:16)
14 verbose stack     at emitTwo (events.js:106:13)
14 verbose stack     at EventEmitter.emit (events.js:191:7)
14 verbose stack     at ChildProcess.<anonymous> (/usr/lib/node_modules/npm/lib/utils/spawn.js:40:14)
14 verbose stack     at emitTwo (events.js:106:13)
14 verbose stack     at ChildProcess.emit (events.js:191:7)
14 verbose stack     at maybeClose (internal/child_process.js:920:16)
14 verbose stack     at Process.ChildProcess._handle.onexit (internal/child_process.js:230:5)
15 verbose pkgid travel-payouts-app@1.0.0
16 verbose cwd /home/mootje2/public_html
17 error Linux 3.10.0-957.21.3.el7.x86_64
18 error argv "/usr/bin/node" "/usr/bin/npm" "run" "build"
19 error node v6.17.1
20 error npm  v3.10.10
21 error code ELIFECYCLE
22 error travel-payouts-app@1.0.0 build: `webpack --env.mode production`
22 error Exit status 1
23 error Failed at the travel-payouts-app@1.0.0 build script 'webpack --env.mode production'.
23 error Make sure you have the latest version of node.js and npm installed.
23 error If you do, this is most likely a problem with the travel-payouts-app package,
23 error not with npm itself.
23 error Tell the author that this fails on your system:
23 error     webpack --env.mode production
23 error You can get information on how to open an issue for this project with:
23 error     npm bugs travel-payouts-app
23 error Or if that isn't available, you can get their info via:
23 error     npm owner ls travel-payouts-app
23 error There is likely additional logging output above.
24 verbose exit [ 1, true ]
